[debug] [2026-07-02T08:49:01.435Z] ----------------------------------------------------------------------
[debug] [2026-07-02T08:49:01.437Z] Command:       C:\Program Files\nodejs\node.exe C:\Users\Yashika\AppData\Roaming\npm\node_modules\firebase-tools\lib\bin\firebase.js init
[debug] [2026-07-02T08:49:01.437Z] CLI Version:   15.22.4
[debug] [2026-07-02T08:49:01.437Z] Platform:      win32
[debug] [2026-07-02T08:49:01.437Z] Node Version:  v24.18.0
[debug] [2026-07-02T08:49:01.437Z] Detected Agent: unknown
[debug] [2026-07-02T08:49:01.437Z] Time:          Thu Jul 02 2026 14:19:01 GMT+0530 (India Standard Time)
[debug] [2026-07-02T08:49:01.437Z] ----------------------------------------------------------------------
[debug] 
[info] 
     ######## #### ########  ######## ########     ###     ######  ########
     ##        ##  ##     ## ##       ##     ##  ##   ##  ##       ##
     ######    ##  ########  ######   ########  #########  ######  ######
     ##        ##  ##    ##  ##       ##     ## ##     ##       ## ##
     ##       #### ##     ## ######## ########  ##     ##  ######  ########

You're about to initialize a Firebase project in this directory:

  C:\Users\Yashika\OneDrive\Desktop\Task-Management-System

[info] 
=== Project Setup
[info] 
[info] First, let's associate this project directory with a Firebase project.
[info] You can create multiple project aliases by running firebase use --add, 
[info] 
[debug] [2026-07-02T08:50:02.395Z] > command requires scopes: ["email","openid","https://www.googleapis.com/auth/cloudplatformprojects.readonly","https://www.googleapis.com/auth/firebase","https://www.googleapis.com/auth/cloud-platform"]
[debug] [2026-07-02T08:50:02.396Z] > authorizing via signed-in user (yashika6.mishra@gmail.com)
[debug] [2026-07-02T08:50:02.397Z] Checked if tokens are valid: true, expires at: 1782985560352
[debug] [2026-07-02T08:50:02.397Z] Checked if tokens are valid: true, expires at: 1782985560352
[debug] [2026-07-02T08:50:02.397Z] >>> [apiv2][query] GET https://firebase.googleapis.com/v1beta1/availableProjects pageSize=100
[debug] [2026-07-02T08:50:03.113Z] <<< [apiv2][status] GET https://firebase.googleapis.com/v1beta1/availableProjects 200
[debug] [2026-07-02T08:50:03.113Z] <<< [apiv2][body] GET https://firebase.googleapis.com/v1beta1/availableProjects [omitted]
[debug] [2026-07-02T08:50:03.271Z] Checked if tokens are valid: true, expires at: 1782985560352
[debug] [2026-07-02T08:50:03.271Z] Checked if tokens are valid: true, expires at: 1782985560352
[debug] [2026-07-02T08:50:03.271Z] >>> [apiv2][query] POST https://firebase.googleapis.com/v1beta1/projects/helical-bongo-501207-p7:addFirebase [none]
[debug] [2026-07-02T08:50:03.766Z] <<< [apiv2][status] POST https://firebase.googleapis.com/v1beta1/projects/helical-bongo-501207-p7:addFirebase 403
[debug] [2026-07-02T08:50:03.766Z] <<< [apiv2][body] POST https://firebase.googleapis.com/v1beta1/projects/helical-bongo-501207-p7:addFirebase {"error":{"code":403,"message":"The caller does not have permission","status":"PERMISSION_DENIED"}}
[debug] [2026-07-02T08:50:03.766Z] Request to https://firebase.googleapis.com/v1beta1/projects/helical-bongo-501207-p7:addFirebase had HTTP Error: 403, The caller does not have permission
[debug] [2026-07-02T08:50:04.013Z] FirebaseError: Request to https://firebase.googleapis.com/v1beta1/projects/helical-bongo-501207-p7:addFirebase had HTTP Error: 403, The caller does not have permission
    at responseToError (C:\Users\Yashika\AppData\Roaming\npm\node_modules\firebase-tools\lib\responseToError.js:53:12)
    at RetryOperation._fn (C:\Users\Yashika\AppData\Roaming\npm\node_modules\firebase-tools\lib\apiv2.js:381:77)
    at process.processTicksAndRejections (node:internal/process/task_queues:104:5)
[error] 
[error] Error: Failed to add Firebase to Google Cloud Platform project. See firebase-debug.log for more info.
[debug] [2026-07-02T08:57:14.178Z] ----------------------------------------------------------------------
[debug] [2026-07-02T08:57:14.180Z] Command:       C:\Program Files\nodejs\node.exe C:\Users\Yashika\AppData\Roaming\npm\node_modules\firebase-tools\lib\bin\firebase.js init
[debug] [2026-07-02T08:57:14.180Z] CLI Version:   15.22.4
[debug] [2026-07-02T08:57:14.180Z] Platform:      win32
[debug] [2026-07-02T08:57:14.180Z] Node Version:  v24.18.0
[debug] [2026-07-02T08:57:14.180Z] Detected Agent: unknown
[debug] [2026-07-02T08:57:14.180Z] Time:          Thu Jul 02 2026 14:27:14 GMT+0530 (India Standard Time)
[debug] [2026-07-02T08:57:14.180Z] ----------------------------------------------------------------------
[debug] 
[info] 
     ######## #### ########  ######## ########     ###     ######  ########
     ##        ##  ##     ## ##       ##     ##  ##   ##  ##       ##
     ######    ##  ########  ######   ########  #########  ######  ######
     ##        ##  ##    ##  ##       ##     ## ##     ##       ## ##
     ##       #### ##     ## ######## ########  ##     ##  ######  ########

You're about to initialize a Firebase project in this directory:

  C:\Users\Yashika\OneDrive\Desktop\Task-Management-System

[info] 
=== Project Setup
[info] 
[info] First, let's associate this project directory with a Firebase project.
[info] You can create multiple project aliases by running firebase use --add, 
[info] 
[debug] [2026-07-02T08:58:07.925Z] > command requires scopes: ["email","openid","https://www.googleapis.com/auth/cloudplatformprojects.readonly","https://www.googleapis.com/auth/firebase","https://www.googleapis.com/auth/cloud-platform"]
[debug] [2026-07-02T08:58:07.925Z] > authorizing via signed-in user (yashika6.mishra@gmail.com)
[debug] [2026-07-02T08:58:07.926Z] Checked if tokens are valid: true, expires at: 1782985560352
[debug] [2026-07-02T08:58:07.926Z] Checked if tokens are valid: true, expires at: 1782985560352
[debug] [2026-07-02T08:58:07.927Z] >>> [apiv2][query] GET https://firebase.googleapis.com/v1beta1/projects pageSize=100
[debug] [2026-07-02T08:58:08.543Z] <<< [apiv2][status] GET https://firebase.googleapis.com/v1beta1/projects 200
[debug] [2026-07-02T08:58:08.543Z] <<< [apiv2][body] GET https://firebase.googleapis.com/v1beta1/projects [omitted]
[info] 
=== Dataconnect Setup
[info] i  dataconnect: ensuring required API firebasedataconnect.googleapis.com is enabled... 
[debug] [2026-07-02T08:58:14.288Z] Checked if tokens are valid: true, expires at: 1782985560352
[debug] [2026-07-02T08:58:14.288Z] Checked if tokens are valid: true, expires at: 1782985560352
[info] i  dataconnect: ensuring required API sqladmin.googleapis.com is enabled... 
[debug] [2026-07-02T08:58:14.289Z] Checked if tokens are valid: true, expires at: 1782985560352
[debug] [2026-07-02T08:58:14.289Z] Checked if tokens are valid: true, expires at: 1782985560352
[debug] [2026-07-02T08:58:14.289Z] >>> [apiv2][query] GET https://serviceusage.googleapis.com/v1/projects/helical-bongo-501207-p7/services/firebasedataconnect.googleapis.com [none]
[debug] [2026-07-02T08:58:14.289Z] >>> [apiv2][(partial)header] GET https://serviceusage.googleapis.com/v1/projects/helical-bongo-501207-p7/services/firebasedataconnect.googleapis.com  x-goog-user-project=helical-bongo-501207-p7
[debug] [2026-07-02T08:58:14.290Z] >>> [apiv2][query] GET https://serviceusage.googleapis.com/v1/projects/helical-bongo-501207-p7/services/sqladmin.googleapis.com [none]
[debug] [2026-07-02T08:58:14.290Z] >>> [apiv2][(partial)header] GET https://serviceusage.googleapis.com/v1/projects/helical-bongo-501207-p7/services/sqladmin.googleapis.com  x-goog-user-project=helical-bongo-501207-p7
[debug] [2026-07-02T08:58:16.521Z] <<< [apiv2][status] GET https://serviceusage.googleapis.com/v1/projects/helical-bongo-501207-p7/services/firebasedataconnect.googleapis.com 200
[debug] [2026-07-02T08:58:16.521Z] <<< [apiv2][body] GET https://serviceusage.googleapis.com/v1/projects/helical-bongo-501207-p7/services/firebasedataconnect.googleapis.com [omitted]
[warn] !  dataconnect: missing required API firebasedataconnect.googleapis.com. Enabling now... 
[debug] [2026-07-02T08:58:16.522Z] Checked if tokens are valid: true, expires at: 1782985560352
[debug] [2026-07-02T08:58:16.522Z] Checked if tokens are valid: true, expires at: 1782985560352
[debug] [2026-07-02T08:58:16.522Z] >>> [apiv2][query] POST https://serviceusage.googleapis.com/v1/projects/helical-bongo-501207-p7/services/firebasedataconnect.googleapis.com:enable [none]
[debug] [2026-07-02T08:58:16.522Z] >>> [apiv2][(partial)header] POST https://serviceusage.googleapis.com/v1/projects/helical-bongo-501207-p7/services/firebasedataconnect.googleapis.com:enable  x-goog-user-project=helical-bongo-501207-p7
[debug] [2026-07-02T08:58:16.539Z] <<< [apiv2][status] GET https://serviceusage.googleapis.com/v1/projects/helical-bongo-501207-p7/services/sqladmin.googleapis.com 200
[debug] [2026-07-02T08:58:16.539Z] <<< [apiv2][body] GET https://serviceusage.googleapis.com/v1/projects/helical-bongo-501207-p7/services/sqladmin.googleapis.com [omitted]
[warn] !  dataconnect: missing required API sqladmin.googleapis.com. Enabling now... 
[debug] [2026-07-02T08:58:16.539Z] Checked if tokens are valid: true, expires at: 1782985560352
[debug] [2026-07-02T08:58:16.539Z] Checked if tokens are valid: true, expires at: 1782985560352
[debug] [2026-07-02T08:58:16.539Z] >>> [apiv2][query] POST https://serviceusage.googleapis.com/v1/projects/helical-bongo-501207-p7/services/sqladmin.googleapis.com:enable [none]
[debug] [2026-07-02T08:58:16.539Z] >>> [apiv2][(partial)header] POST https://serviceusage.googleapis.com/v1/projects/helical-bongo-501207-p7/services/sqladmin.googleapis.com:enable  x-goog-user-project=helical-bongo-501207-p7
[debug] [2026-07-02T08:58:18.379Z] <<< [apiv2][status] POST https://serviceusage.googleapis.com/v1/projects/helical-bongo-501207-p7/services/firebasedataconnect.googleapis.com:enable 200
[debug] [2026-07-02T08:58:18.379Z] <<< [apiv2][body] POST https://serviceusage.googleapis.com/v1/projects/helical-bongo-501207-p7/services/firebasedataconnect.googleapis.com:enable [omitted]
[debug] [2026-07-02T08:58:18.406Z] <<< [apiv2][status] POST https://serviceusage.googleapis.com/v1/projects/helical-bongo-501207-p7/services/sqladmin.googleapis.com:enable 200
[debug] [2026-07-02T08:58:18.406Z] <<< [apiv2][body] POST https://serviceusage.googleapis.com/v1/projects/helical-bongo-501207-p7/services/sqladmin.googleapis.com:enable [omitted]
[debug] [2026-07-02T08:58:28.420Z] Checked if tokens are valid: true, expires at: 1782985560352
[debug] [2026-07-02T08:58:28.420Z] Checked if tokens are valid: true, expires at: 1782985560352
[debug] [2026-07-02T08:58:28.420Z] >>> [apiv2][query] GET https://firebasedataconnect.googleapis.com/v1/projects/helical-bongo-501207-p7/locations/-/services [none]
[debug] [2026-07-02T08:58:30.864Z] <<< [apiv2][status] GET https://firebasedataconnect.googleapis.com/v1/projects/helical-bongo-501207-p7/locations/-/services 200
[debug] [2026-07-02T08:58:30.864Z] <<< [apiv2][body] GET https://firebasedataconnect.googleapis.com/v1/projects/helical-bongo-501207-p7/locations/-/services {}
[debug] [2026-07-02T09:35:55.936Z] Checked if tokens are valid: false, expires at: 1782985560352
[debug] [2026-07-02T09:35:55.937Z] Checked if tokens are valid: false, expires at: 1782985560352
[debug] [2026-07-02T09:35:55.937Z] > refreshing access token with scopes: []
[debug] [2026-07-02T09:35:55.939Z] >>> [apiv2][query] POST https://www.googleapis.com/oauth2/v3/token [none]
[debug] [2026-07-02T09:35:55.939Z] >>> [apiv2][body] POST https://www.googleapis.com/oauth2/v3/token [omitted]
[debug] [2026-07-02T09:35:56.232Z] <<< [apiv2][status] POST https://www.googleapis.com/oauth2/v3/token 200
[debug] [2026-07-02T09:35:56.232Z] <<< [apiv2][body] POST https://www.googleapis.com/oauth2/v3/token [omitted]
[debug] [2026-07-02T09:35:56.238Z] >>> [apiv2][query] GET https://serviceusage.googleapis.com/v1/projects/helical-bongo-501207-p7/services/cloudbilling.googleapis.com [none]
[debug] [2026-07-02T09:35:56.238Z] >>> [apiv2][(partial)header] GET https://serviceusage.googleapis.com/v1/projects/helical-bongo-501207-p7/services/cloudbilling.googleapis.com  x-goog-user-project=helical-bongo-501207-p7
[debug] [2026-07-02T09:35:58.117Z] <<< [apiv2][status] GET https://serviceusage.googleapis.com/v1/projects/helical-bongo-501207-p7/services/cloudbilling.googleapis.com 200
[debug] [2026-07-02T09:35:58.118Z] <<< [apiv2][body] GET https://serviceusage.googleapis.com/v1/projects/helical-bongo-501207-p7/services/cloudbilling.googleapis.com [omitted]
[debug] [2026-07-02T09:35:58.118Z] Checked if tokens are valid: true, expires at: 1782988555232
[debug] [2026-07-02T09:35:58.118Z] Checked if tokens are valid: true, expires at: 1782988555232
[debug] [2026-07-02T09:35:58.118Z] >>> [apiv2][query] POST https://serviceusage.googleapis.com/v1/projects/helical-bongo-501207-p7/services/cloudbilling.googleapis.com:enable [none]
[debug] [2026-07-02T09:35:58.118Z] >>> [apiv2][(partial)header] POST https://serviceusage.googleapis.com/v1/projects/helical-bongo-501207-p7/services/cloudbilling.googleapis.com:enable  x-goog-user-project=helical-bongo-501207-p7
[debug] [2026-07-02T09:35:58.694Z] <<< [apiv2][status] POST https://serviceusage.googleapis.com/v1/projects/helical-bongo-501207-p7/services/cloudbilling.googleapis.com:enable 200
[debug] [2026-07-02T09:35:58.694Z] <<< [apiv2][body] POST https://serviceusage.googleapis.com/v1/projects/helical-bongo-501207-p7/services/cloudbilling.googleapis.com:enable [omitted]
[debug] [2026-07-02T09:36:08.705Z] Checked if tokens are valid: true, expires at: 1782988555232
[debug] [2026-07-02T09:36:08.705Z] Checked if tokens are valid: true, expires at: 1782988555232
[debug] [2026-07-02T09:36:08.705Z] >>> [apiv2][query] GET https://cloudbilling.googleapis.com/v1/projects/helical-bongo-501207-p7/billingInfo [none]
[debug] [2026-07-02T09:36:08.705Z] >>> [apiv2][(partial)header] GET https://cloudbilling.googleapis.com/v1/projects/helical-bongo-501207-p7/billingInfo  x-goog-user-project=helical-bongo-501207-p7
[debug] [2026-07-02T09:36:10.774Z] <<< [apiv2][status] GET https://cloudbilling.googleapis.com/v1/projects/helical-bongo-501207-p7/billingInfo 200
[debug] [2026-07-02T09:36:10.774Z] <<< [apiv2][body] GET https://cloudbilling.googleapis.com/v1/projects/helical-bongo-501207-p7/billingInfo {"name":"projects/helical-bongo-501207-p7/billingInfo","projectId":"helical-bongo-501207-p7","billingAccountName":"","billingEnabled":false}
[debug] [2026-07-02T09:36:10.774Z] Checked if tokens are valid: true, expires at: 1782988555232
[debug] [2026-07-02T09:36:10.774Z] Checked if tokens are valid: true, expires at: 1782988555232
[debug] [2026-07-02T09:36:10.774Z] >>> [apiv2][query] GET https://monitoring.googleapis.com/v3/projects/helical-bongo-501207-p7/timeSeries/ filter=metric.type%3D%22serviceruntime.googleapis.com%2Fquota%2Fallocation%2Fusage%22+AND+metric.label.quota_metric+%3D+%22sqladmin.googleapis.com%2Ffdc_lifetime_free_trial_per_project%22&interval.endTime=2026-07-02T09%3A36%3A10.774Z&interval.startTime=2026-06-25T09%3A36%3A10.774Z
[debug] [2026-07-02T09:36:12.285Z] <<< [apiv2][status] GET https://monitoring.googleapis.com/v3/projects/helical-bongo-501207-p7/timeSeries/ 200
[debug] [2026-07-02T09:36:12.285Z] <<< [apiv2][body] GET https://monitoring.googleapis.com/v3/projects/helical-bongo-501207-p7/timeSeries/ {"unit":"1"}
[info] +  dataconnect: CloudSQL no cost trial available! 
[debug] [2026-07-02T09:36:12.286Z] Checked if tokens are valid: true, expires at: 1782988555232
[debug] [2026-07-02T09:36:12.286Z] Checked if tokens are valid: true, expires at: 1782988555232
[debug] [2026-07-02T09:36:12.286Z] >>> [apiv2][query] GET https://sqladmin.googleapis.com/v1/projects/helical-bongo-501207-p7/instances [none]
[debug] [2026-07-02T09:36:13.394Z] <<< [apiv2][status] GET https://sqladmin.googleapis.com/v1/projects/helical-bongo-501207-p7/instances 200
[debug] [2026-07-02T09:36:13.394Z] <<< [apiv2][body] GET https://sqladmin.googleapis.com/v1/projects/helical-bongo-501207-p7/instances {}
[debug] [2026-07-02T09:36:13.394Z] Checked if tokens are valid: true, expires at: 1782988555232
[debug] [2026-07-02T09:36:13.394Z] Checked if tokens are valid: true, expires at: 1782988555232
[debug] [2026-07-02T09:36:13.394Z] >>> [apiv2][query] GET https://firebasedataconnect.googleapis.com/v1/projects/helical-bongo-501207-p7/locations [none]
[debug] [2026-07-02T09:36:15.271Z] <<< [apiv2][status] GET https://firebasedataconnect.googleapis.com/v1/projects/helical-bongo-501207-p7/locations 200
[debug] [2026-07-02T09:36:15.271Z] <<< [apiv2][body] GET https://firebasedataconnect.googleapis.com/v1/projects/helical-bongo-501207-p7/locations {"locations":[{"name":"projects/helical-bongo-501207-p7/locations/asia-east1","locationId":"asia-east1","displayName":"Taiwan"},{"name":"projects/helical-bongo-501207-p7/locations/asia-east2","locationId":"asia-east2","displayName":"Hong Kong"},{"name":"projects/helical-bongo-501207-p7/locations/asia-northeast1","locationId":"asia-northeast1","displayName":"Tokyo"},{"name":"projects/helical-bongo-501207-p7/locations/asia-northeast2","locationId":"asia-northeast2","displayName":"Osaka"},{"name":"projects/helical-bongo-501207-p7/locations/asia-northeast3","locationId":"asia-northeast3","displayName":"Seoul"},{"name":"projects/helical-bongo-501207-p7/locations/asia-south1","locationId":"asia-south1","displayName":"Mumbai"},{"name":"projects/helical-bongo-501207-p7/locations/asia-southeast1","locationId":"asia-southeast1","displayName":"Singapore"},{"name":"projects/helical-bongo-501207-p7/locations/asia-southeast2","locationId":"asia-southeast2","displayName":"Jakarta"},{"name":"projects/helical-bongo-501207-p7/locations/australia-southeast1","locationId":"australia-southeast1","displayName":"Sydney"},{"name":"projects/helical-bongo-501207-p7/locations/australia-southeast2","locationId":"australia-southeast2","displayName":"Melbourne"},{"name":"projects/helical-bongo-501207-p7/locations/europe-central2","locationId":"europe-central2","displayName":"Warsaw"},{"name":"projects/helical-bongo-501207-p7/locations/europe-north1","locationId":"europe-north1","displayName":"Finland"},{"name":"projects/helical-bongo-501207-p7/locations/europe-southwest1","locationId":"europe-southwest1","displayName":"Madrid"},{"name":"projects/helical-bongo-501207-p7/locations/europe-west1","locationId":"europe-west1","displayName":"Belgium"},{"name":"projects/helical-bongo-501207-p7/locations/europe-west2","locationId":"europe-west2","displayName":"London"},{"name":"projects/helical-bongo-501207-p7/locations/europe-west3","locationId":"europe-west3","displayName":"Frankfurt"},{"name":"projects/helical-bongo-501207-p7/locations/europe-west4","locationId":"europe-west4","displayName":"Netherlands"},{"name":"projects/helical-bongo-501207-p7/locations/europe-west6","locationId":"europe-west6","displayName":"Zurich"},{"name":"projects/helical-bongo-501207-p7/locations/europe-west8","locationId":"europe-west8","displayName":"Milan"},{"name":"projects/helical-bongo-501207-p7/locations/europe-west9","locationId":"europe-west9","displayName":"Paris"},{"name":"projects/helical-bongo-501207-p7/locations/me-west1","locationId":"me-west1","displayName":"Tel Aviv"},{"name":"projects/helical-bongo-501207-p7/locations/northamerica-northeast1","locationId":"northamerica-northeast1","displayName":"Montréal"},{"name":"projects/helical-bongo-501207-p7/locations/northamerica-northeast2","locationId":"northamerica-northeast2","displayName":"Toronto"},{"name":"projects/helical-bongo-501207-p7/locations/southamerica-east1","locationId":"southamerica-east1","displayName":"São Paulo"},{"name":"projects/helical-bongo-501207-p7/locations/southamerica-west1","locationId":"southamerica-west1","displayName":"Santiago"},{"name":"projects/helical-bongo-501207-p7/locations/us-central1","locationId":"us-central1","displayName":"Iowa"},{"name":"projects/helical-bongo-501207-p7/locations/us-east1","locationId":"us-east1","displayName":"South Carolina"},{"name":"projects/helical-bongo-501207-p7/locations/us-east4","locationId":"us-east4","displayName":"Northern Virginia"},{"name":"projects/helical-bongo-501207-p7/locations/us-south1","locationId":"us-south1","displayName":"Dallas"},{"name":"projects/helical-bongo-501207-p7/locations/us-west1","locationId":"us-west1","displayName":"Oregon"},{"name":"projects/helical-bongo-501207-p7/locations/us-west2","locationId":"us-west2","displayName":"Los Angeles"},{"name":"projects/helical-bongo-501207-p7/locations/us-west3","locationId":"us-west3","displayName":"Salt Lake City"},{"name":"projects/helical-bongo-501207-p7/locations/us-west4","locationId":"us-west4","displayName":"Las Vegas"}]}
[info] +  dataconnect: Detected existing apps Frontend (web), Backend (web) 
[debug] [2026-07-02T09:40:12.120Z] ExitPromptError: User force closed the prompt with SIGINT
    at Interface.sigint (C:\Users\Yashika\AppData\Roaming\npm\node_modules\firebase-tools\node_modules\@inquirer\core\dist\commonjs\lib\create-prompt.js:101:37)
    at Interface.emit (node:events:509:28)
    at [_ttyWrite] [as _ttyWrite] (node:internal/readline/interface:1327:18)
    at ReadStream.onkeypress (node:internal/readline/interface:284:20)
    at ReadStream.emit (node:events:521:24)
    at emitKeys (node:internal/readline/utils:371:14)
    at emitKeys.next (<anonymous>)
    at ReadStream.onData (node:internal/readline/emitKeypressEvents:64:36)
    at ReadStream.emit (node:events:509:28)
    at addChunk (node:internal/streams/readable:563:12)
[error] 
[error] Error: An unexpected error has occurred.
